Making all in src
make[1]: Entering directory '/home/tinymush/TinyMUSH/src'
rm -f prototypes.h
touch prototypes.h
if [ ! -f version.h ]; then touch version.h; fi
echo -e "/* prototypes.h : functioons prototypes */\n\n/*\n * Do not edit this file by hand -- Your changes will be overwritten\n */\n" >_prototypes.h
echo -e '#include "copyright.h"\n' >> _prototypes.h
echo '#ifndef __PROTOTYPES_H' >> _prototypes.h
echo -e '#define __PROTOTYPES_H\n' >> _prototypes.h
echo '#include "vattr.h"' >> _prototypes.h
echo '#include "help.h"' >> _prototypes.h
echo '#include "player_c.h"' >> _prototypes.h
echo '#include "powers.h"' >> _prototypes.h
echo '#include "walkdb.h"' >> _prototypes.h
echo '#include "functions.h"' >> _prototypes.h
echo '#include "command.h"' >> _prototypes.h
echo '#include "match.h"' >> _prototypes.h
echo '#include "file_c.h"' >> _prototypes.h
echo -e '#include "player.h"\n' >> _prototypes.h
for i in alloc.c api.c boolexp.c bsd.c command.c conf.c cque.c create.c db.c db_rw.c eval.c file_c.c flags.c fnhelper.c functions.c funext.c funiter.c funlist.c funmath.c funmisc.c funobj.c funstring.c funvars.c game.c help.c htab.c log.c look.c match.c mguests.c move.c netcommon.c object.c player.c player_c.c powers.c predicates.c quota.c recover.c rob.c set.c speech.c stringutil.c timer.c udb_misc.c udb_obj.c udb_ocache.c udb_ochunk.c unparse.c vattr.c version.c walkdb.c wild.c wiz.c; do echo -e "$(/usr/bin/cproto  -e -f 2 $i)\n" >> _prototypes.h; done
echo '#endif /* __PROTOTYPES_H */' >> _prototypes.h
rm prototypes.h
mv _prototypes.h prototypes.h
chmod -w prototypes.h
rm -f version.h
touch version.h
chmod +w version.h
echo -e "/* version.h : additional version information set at compile time */\n\n/*\n * Do not edit this file by hand -- Your changes will be overwritten\n */\n" >> version.h
echo -e '#include "copyright.h"\n' >> version.h
echo '#ifndef __VERSION_H' >> version.h
echo -e '#define __VERSION_H\n' >> version.h
echo "#define MUSH_BUILD_DATE \"`date -R`\"" >> version.h
echo "#define MUSH_BUILD_COMPILE \"gcc -DHAVE_CONFIG_H -I.  -I../src/libltdl   -g -O2\"" >> version.h
echo -e "#define MUSH_BUILD_LTCOMPILE \"/bin/bash ../libtool  --tag=CC   --mode=compile gcc -DHAVE_CONFIG_H -I.  -I../src/libltdl   -g -O2\"\n" >> version.h
echo '#endif /* __VERSION_H */' >> version.h
chmod -w version.h
rm -f tinymushapi.h
touch tinymushapi.h
chmod +w tinymushapi.h
printf "#ifndef __TINYMUSHAPI_H\n#define __TINYMUSHAPI_H\n\n" >> tinymushapi.h
printf "\n\n#include <ltdl.h>\n\n#include <netinet/in.h>\n\n" >> tinymushapi.h
sed -n "/#ifndef __COPYRIGHT_H/,/\/* __COPYRIGHT_H *\//p" < copyright.h >> tinymushapi.h
sed -n "/NUM_ENV_VARS/p" < config.h >> tinymushapi.h
sed -n "/MAX_ITER_NESTING/p" < config.h >> tinymushapi.h
sed -n "/MAX_DELIM_LEN/p" < config.h >> tinymushapi.h
for i in typedefs.h db.h game.h alloc.h flags.h htab.h udb.h udb_defs.h mushconf.h functions.h powers.h attrs.h match.h ansi.h command.h db.h api.h interface.h externs.h prototypes.h; \
do \
	TMP=`echo "__$i" | sed "s/src\///g" | tr '.' '_' | tr '[:lower:]' '[:upper:]'`; \
	TMP1=`echo "$i" |sed "s/src\///g"`; \
	printf "\n\n/*\n * From $TMP1\n */\n\n" >> tinymushapi.h; \
	sed -n "/#ifndef $TMP/,/\/* $TMP *\//p" < $i >> tinymushapi.h; \
done
printf "\n\n#endif                          /* __TINYMUSHAPI_H */\n" >> tinymushapi.h
/bin/sed -e 's|[@]with_tar_prog@|/bin/tar|g' -e 's|[@]with_compress_prog@|/bin/gzip|g' -e 's|[@]prefix@|/home/tinymush/TinyMUSH/game|g' -e 's|[@]exec_prefix@|/home/tinymush/TinyMUSH/game|g' -e 's|[@]bindir@|/home/tinymush/TinyMUSH/game/bin|g' -e 's|[@]datarootdir@|/home/tinymush/TinyMUSH/game/share/tinymush|g' -e 's|[@]with_install_suffix@|/tinymush|g' -e 's|[@]with_install_suffix@|/tinymush|g' -e 's|[@]sysconfdir@|/home/tinymush/TinyMUSH/game/etc/tinymush|g' -e 's|[@]sysconfdir@|/home/tinymush/TinyMUSH/game/etc/tinymush|g' -e 's|[@]localstatedir@|/home/tinymush/TinyMUSH/game/var|g' -e 's|[@]localstatedir@|/home/tinymush/TinyMUSH/game/var|g' -e 's|[@]libdir@|/home/tinymush/TinyMUSH/game/lib/tinymush|g' -e 's|[@]includedir@|/home/tinymush/TinyMUSH/game/include/tinymush|g' -e 's|[@]libexecdir@|/home/tinymush/TinyMUSH/game/libexec|g' <etc/netmush.conf.in >etc/netmush.conf
chmod +w etc/netmush.conf
/bin/sed -e 's|[@]with_tar_prog@|/bin/tar|g' -e 's|[@]with_compress_prog@|/bin/gzip|g' -e 's|[@]prefix@|/home/tinymush/TinyMUSH/game|g' -e 's|[@]exec_prefix@|/home/tinymush/TinyMUSH/game|g' -e 's|[@]bindir@|/home/tinymush/TinyMUSH/game/bin|g' -e 's|[@]datarootdir@|/home/tinymush/TinyMUSH/game/share/tinymush|g' -e 's|[@]with_install_suffix@|/tinymush|g' -e 's|[@]with_install_suffix@|/tinymush|g' -e 's|[@]sysconfdir@|/home/tinymush/TinyMUSH/game/etc/tinymush|g' -e 's|[@]sysconfdir@|/home/tinymush/TinyMUSH/game/etc/tinymush|g' -e 's|[@]localstatedir@|/home/tinymush/TinyMUSH/game/var|g' -e 's|[@]localstatedir@|/home/tinymush/TinyMUSH/game/var|g' -e 's|[@]libdir@|/home/tinymush/TinyMUSH/game/lib/tinymush|g' -e 's|[@]includedir@|/home/tinymush/TinyMUSH/game/include/tinymush|g' -e 's|[@]libexecdir@|/home/tinymush/TinyMUSH/game/libexec|g' <scripts/Startmush.in >scripts/Startmush
chmod +x scripts/Startmush
(CDPATH="${ZSH_VERSION+.}:" && cd .. && /bin/bash /home/tinymush/TinyMUSH/src/libltdl/config/missing autoheader)
rm -f stamp-h1
touch config.h.in
cd .. && /bin/bash ./config.status src/config.h
config.status: creating src/config.h
config.status: src/config.h is unchanged
make  all-recursive
make[2]: Entering directory '/home/tinymush/TinyMUSH/src'
Making all in libltdl
make[3]: Entering directory '/home/tinymush/TinyMUSH/src/libltdl'
make  all-am
make[4]: Entering directory '/home/tinymush/TinyMUSH/src/libltdl'
/bin/bash ./libtool  --tag=CC   --mode=compile gcc -DHAVE_CONFIG_H -I.  -DLT_CONFIG_H='<config.h>' -DLTDL -I. -I. -Ilibltdl -I./libltdl -I./libltdl   -g -O2 -MT dlopen.lo -MD -MP -MF .deps/dlopen.Tpo -c -o dlopen.lo `test -f 'loaders/dlopen.c' || echo './'`loaders/dlopen.c
libtool: compile:  gcc -DHAVE_CONFIG_H -I. "-DLT_CONFIG_H=<config.h>" -DLTDL -I. -I. -Ilibltdl -I./libltdl -I./libltdl -g -O2 -MT dlopen.lo -MD -MP -MF .deps/dlopen.Tpo -c loaders/dlopen.c  -fPIC -DPIC -o .libs/dlopen.o
libtool: compile:  gcc -DHAVE_CONFIG_H -I. "-DLT_CONFIG_H=<config.h>" -DLTDL -I. -I. -Ilibltdl -I./libltdl -I./libltdl -g -O2 -MT dlopen.lo -MD -MP -MF .deps/dlopen.Tpo -c loaders/dlopen.c -o dlopen.o >/dev/null 2>&1
mv -f .deps/dlopen.Tpo .deps/dlopen.Plo
/bin/bash ./libtool  --tag=CC   --mode=link gcc  -g -O2 -module -avoid-version  -o dlopen.la  dlopen.lo -ldl -ldl 
libtool: link: ar cru .libs/dlopen.a .libs/dlopen.o 
libtool: link: ranlib .libs/dlopen.a
libtool: link: ( cd ".libs" && rm -f "dlopen.la" && ln -s "../dlopen.la" "dlopen.la" )
/bin/bash ./libtool  --tag=CC   --mode=compile gcc -DHAVE_CONFIG_H -I.  -DLTDLOPEN=libltdlc -DLT_CONFIG_H='<config.h>' -DLTDL -I. -I. -Ilibltdl -I./libltdl -I./libltdl   -g -O2 -MT libltdlc_la-preopen.lo -MD -MP -MF .deps/libltdlc_la-preopen.Tpo -c -o libltdlc_la-preopen.lo `test -f 'loaders/preopen.c' || echo './'`loaders/preopen.c
libtool: compile:  gcc -DHAVE_CONFIG_H -I. -DLTDLOPEN=libltdlc "-DLT_CONFIG_H=<config.h>" -DLTDL -I. -I. -Ilibltdl -I./libltdl -I./libltdl -g -O2 -MT libltdlc_la-preopen.lo -MD -MP -MF .deps/libltdlc_la-preopen.Tpo -c loaders/preopen.c  -fPIC -DPIC -o .libs/libltdlc_la-preopen.o
libtool: compile:  gcc -DHAVE_CONFIG_H -I. -DLTDLOPEN=libltdlc "-DLT_CONFIG_H=<config.h>" -DLTDL -I. -I. -Ilibltdl -I./libltdl -I./libltdl -g -O2 -MT libltdlc_la-preopen.lo -MD -MP -MF .deps/libltdlc_la-preopen.Tpo -c loaders/preopen.c -o libltdlc_la-preopen.o >/dev/null 2>&1
mv -f .deps/libltdlc_la-preopen.Tpo .deps/libltdlc_la-preopen.Plo
/bin/bash ./libtool  --tag=CC   --mode=compile gcc -DHAVE_CONFIG_H -I.  -DLTDLOPEN=libltdlc -DLT_CONFIG_H='<config.h>' -DLTDL -I. -I. -Ilibltdl -I./libltdl -I./libltdl   -g -O2 -MT libltdlc_la-lt__alloc.lo -MD -MP -MF .deps/libltdlc_la-lt__alloc.Tpo -c -o libltdlc_la-lt__alloc.lo `test -f 'lt__alloc.c' || echo './'`lt__alloc.c
libtool: compile:  gcc -DHAVE_CONFIG_H -I. -DLTDLOPEN=libltdlc "-DLT_CONFIG_H=<config.h>" -DLTDL -I. -I. -Ilibltdl -I./libltdl -I./libltdl -g -O2 -MT libltdlc_la-lt__alloc.lo -MD -MP -MF .deps/libltdlc_la-lt__alloc.Tpo -c lt__alloc.c  -fPIC -DPIC -o .libs/libltdlc_la-lt__alloc.o
libtool: compile:  gcc -DHAVE_CONFIG_H -I. -DLTDLOPEN=libltdlc "-DLT_CONFIG_H=<config.h>" -DLTDL -I. -I. -Ilibltdl -I./libltdl -I./libltdl -g -O2 -MT libltdlc_la-lt__alloc.lo -MD -MP -MF .deps/libltdlc_la-lt__alloc.Tpo -c lt__alloc.c -o libltdlc_la-lt__alloc.o >/dev/null 2>&1
mv -f .deps/libltdlc_la-lt__alloc.Tpo .deps/libltdlc_la-lt__alloc.Plo
/bin/bash ./libtool  --tag=CC   --mode=compile gcc -DHAVE_CONFIG_H -I.  -DLTDLOPEN=libltdlc -DLT_CONFIG_H='<config.h>' -DLTDL -I. -I. -Ilibltdl -I./libltdl -I./libltdl   -g -O2 -MT libltdlc_la-lt_dlloader.lo -MD -MP -MF .deps/libltdlc_la-lt_dlloader.Tpo -c -o libltdlc_la-lt_dlloader.lo `test -f 'lt_dlloader.c' || echo './'`lt_dlloader.c
libtool: compile:  gcc -DHAVE_CONFIG_H -I. -DLTDLOPEN=libltdlc "-DLT_CONFIG_H=<config.h>" -DLTDL -I. -I. -Ilibltdl -I./libltdl -I./libltdl -g -O2 -MT libltdlc_la-lt_dlloader.lo -MD -MP -MF .deps/libltdlc_la-lt_dlloader.Tpo -c lt_dlloader.c  -fPIC -DPIC -o .libs/libltdlc_la-lt_dlloader.o
libtool: compile:  gcc -DHAVE_CONFIG_H -I. -DLTDLOPEN=libltdlc "-DLT_CONFIG_H=<config.h>" -DLTDL -I. -I. -Ilibltdl -I./libltdl -I./libltdl -g -O2 -MT libltdlc_la-lt_dlloader.lo -MD -MP -MF .deps/libltdlc_la-lt_dlloader.Tpo -c lt_dlloader.c -o libltdlc_la-lt_dlloader.o >/dev/null 2>&1
mv -f .deps/libltdlc_la-lt_dlloader.Tpo .deps/libltdlc_la-lt_dlloader.Plo
/bin/bash ./libtool  --tag=CC   --mode=compile gcc -DHAVE_CONFIG_H -I.  -DLTDLOPEN=libltdlc -DLT_CONFIG_H='<config.h>' -DLTDL -I. -I. -Ilibltdl -I./libltdl -I./libltdl   -g -O2 -MT libltdlc_la-lt_error.lo -MD -MP -MF .deps/libltdlc_la-lt_error.Tpo -c -o libltdlc_la-lt_error.lo `test -f 'lt_error.c' || echo './'`lt_error.c
libtool: compile:  gcc -DHAVE_CONFIG_H -I. -DLTDLOPEN=libltdlc "-DLT_CONFIG_H=<config.h>" -DLTDL -I. -I. -Ilibltdl -I./libltdl -I./libltdl -g -O2 -MT libltdlc_la-lt_error.lo -MD -MP -MF .deps/libltdlc_la-lt_error.Tpo -c lt_error.c  -fPIC -DPIC -o .libs/libltdlc_la-lt_error.o
libtool: compile:  gcc -DHAVE_CONFIG_H -I. -DLTDLOPEN=libltdlc "-DLT_CONFIG_H=<config.h>" -DLTDL -I. -I. -Ilibltdl -I./libltdl -I./libltdl -g -O2 -MT libltdlc_la-lt_error.lo -MD -MP -MF .deps/libltdlc_la-lt_error.Tpo -c lt_error.c -o libltdlc_la-lt_error.o >/dev/null 2>&1
mv -f .deps/libltdlc_la-lt_error.Tpo .deps/libltdlc_la-lt_error.Plo
/bin/bash ./libtool  --tag=CC   --mode=compile gcc -DHAVE_CONFIG_H -I.  -DLTDLOPEN=libltdlc -DLT_CONFIG_H='<config.h>' -DLTDL -I. -I. -Ilibltdl -I./libltdl -I./libltdl   -g -O2 -MT libltdlc_la-ltdl.lo -MD -MP -MF .deps/libltdlc_la-ltdl.Tpo -c -o libltdlc_la-ltdl.lo `test -f 'ltdl.c' || echo './'`ltdl.c
libtool: compile:  gcc -DHAVE_CONFIG_H -I. -DLTDLOPEN=libltdlc "-DLT_CONFIG_H=<config.h>" -DLTDL -I. -I. -Ilibltdl -I./libltdl -I./libltdl -g -O2 -MT libltdlc_la-ltdl.lo -MD -MP -MF .deps/libltdlc_la-ltdl.Tpo -c ltdl.c  -fPIC -DPIC -o .libs/libltdlc_la-ltdl.o
libtool: compile:  gcc -DHAVE_CONFIG_H -I. -DLTDLOPEN=libltdlc "-DLT_CONFIG_H=<config.h>" -DLTDL -I. -I. -Ilibltdl -I./libltdl -I./libltdl -g -O2 -MT libltdlc_la-ltdl.lo -MD -MP -MF .deps/libltdlc_la-ltdl.Tpo -c ltdl.c -o libltdlc_la-ltdl.o >/dev/null 2>&1
mv -f .deps/libltdlc_la-ltdl.Tpo .deps/libltdlc_la-ltdl.Plo
/bin/bash ./libtool  --tag=CC   --mode=compile gcc -DHAVE_CONFIG_H -I.  -DLTDLOPEN=libltdlc -DLT_CONFIG_H='<config.h>' -DLTDL -I. -I. -Ilibltdl -I./libltdl -I./libltdl   -g -O2 -MT libltdlc_la-slist.lo -MD -MP -MF .deps/libltdlc_la-slist.Tpo -c -o libltdlc_la-slist.lo `test -f 'slist.c' || echo './'`slist.c
libtool: compile:  gcc -DHAVE_CONFIG_H -I. -DLTDLOPEN=libltdlc "-DLT_CONFIG_H=<config.h>" -DLTDL -I. -I. -Ilibltdl -I./libltdl -I./libltdl -g -O2 -MT libltdlc_la-slist.lo -MD -MP -MF .deps/libltdlc_la-slist.Tpo -c slist.c  -fPIC -DPIC -o .libs/libltdlc_la-slist.o
libtool: compile:  gcc -DHAVE_CONFIG_H -I. -DLTDLOPEN=libltdlc "-DLT_CONFIG_H=<config.h>" -DLTDL -I. -I. -Ilibltdl -I./libltdl -I./libltdl -g -O2 -MT libltdlc_la-slist.lo -MD -MP -MF .deps/libltdlc_la-slist.Tpo -c slist.c -o libltdlc_la-slist.o >/dev/null 2>&1
mv -f .deps/libltdlc_la-slist.Tpo .deps/libltdlc_la-slist.Plo
/bin/bash ./libtool  --tag=CC   --mode=compile gcc -DHAVE_CONFIG_H -I.  -DLT_CONFIG_H='<config.h>' -DLTDL -I. -I. -Ilibltdl -I./libltdl -I./libltdl   -g -O2 -MT lt__strl.lo -MD -MP -MF .deps/lt__strl.Tpo -c -o lt__strl.lo lt__strl.c
libtool: compile:  gcc -DHAVE_CONFIG_H -I. "-DLT_CONFIG_H=<config.h>" -DLTDL -I. -I. -Ilibltdl -I./libltdl -I./libltdl -g -O2 -MT lt__strl.lo -MD -MP -MF .deps/lt__strl.Tpo -c lt__strl.c  -fPIC -DPIC -o .libs/lt__strl.o
libtool: compile:  gcc -DHAVE_CONFIG_H -I. "-DLT_CONFIG_H=<config.h>" -DLTDL -I. -I. -Ilibltdl -I./libltdl -I./libltdl -g -O2 -MT lt__strl.lo -MD -MP -MF .deps/lt__strl.Tpo -c lt__strl.c -o lt__strl.o >/dev/null 2>&1
mv -f .deps/lt__strl.Tpo .deps/lt__strl.Plo
/bin/bash ./libtool  --tag=CC   --mode=link gcc  -g -O2 -no-undefined -dlpreopen dlopen.la   -o libltdlc.la  libltdlc_la-preopen.lo libltdlc_la-lt__alloc.lo libltdlc_la-lt_dlloader.lo libltdlc_la-lt_error.lo libltdlc_la-ltdl.lo libltdlc_la-slist.lo lt__strl.lo -ldl 
libtool: link: rm -f .libs/libltdlc.nm .libs/libltdlc.nmS .libs/libltdlc.nmT
libtool: link: (cd .libs && gcc -g -O2 -c -fno-builtin  -fPIC -DPIC "libltdlcS.c")
libtool: link: rm -f ".libs/libltdlcS.c" ".libs/libltdlc.nm" ".libs/libltdlc.nmS" ".libs/libltdlc.nmT"
libtool: link: (cd .libs/libltdlc.lax/dlopen.a && ar x "/home/tinymush/TinyMUSH/src/libltdl/./.libs/dlopen.a")
libtool: link: ar cru .libs/libltdlc.a .libs/libltdlc_la-preopen.o .libs/libltdlc_la-lt__alloc.o .libs/libltdlc_la-lt_dlloader.o .libs/libltdlc_la-lt_error.o .libs/libltdlc_la-ltdl.o .libs/libltdlc_la-slist.o .libs/lt__strl.o .libs/libltdlcS.o  .libs/libltdlc.lax/dlopen.a/dlopen.o 
libtool: link: ranlib .libs/libltdlc.a
libtool: link: rm -fr .libs/libltdlc.lax
libtool: link: ( cd ".libs" && rm -f "libltdlc.la" && ln -s "../libltdlc.la" "libltdlc.la" )
make[4]: Leaving directory '/home/tinymush/TinyMUSH/src/libltdl'
make[3]: Leaving directory '/home/tinymush/TinyMUSH/src/libltdl'
Making all in modules/mail/
make[3]: Entering directory '/home/tinymush/TinyMUSH/src/modules/mail'
depbase=`echo mail.lo | sed 's|[^/]*$|.deps/&|;s|\.lo$||'`;\
/bin/bash ../../../libtool  --tag=CC   --mode=compile gcc -DHAVE_CONFIG_H -I. -I../../../src  -I../../../src/libltdl   -g -O2 -MT mail.lo -MD -MP -MF $depbase.Tpo -c -o mail.lo mail.c &&\
mv -f $depbase.Tpo $depbase.Plo
libtool: compile:  gcc -DHAVE_CONFIG_H -I. -I../../../src -I../../../src/libltdl -g -O2 -MT mail.lo -MD -MP -MF .deps/mail.Tpo -c mail.c  -fPIC -DPIC -o .libs/mail.o
make[3]: Leaving directory '/home/tinymush/TinyMUSH/src/modules/mail'
make[2]: Leaving directory '/home/tinymush/TinyMUSH/src'
make[1]: Leaving directory '/home/tinymush/TinyMUSH/src'
